[1114/120734:ERROR:process_info.cc(608)] range at 0xfffde000, size 0x230 fully unreadable
[1114/120746:ERROR:process_info.cc(608)] range at 0xfffdd000, size 0xf84 fully unreadable
[1114/120746:ERROR:process_info.cc(608)] range at 0xfffda000, size 0xf84 fully unreadable
[1114/120746:ERROR:process_info.cc(608)] range at 0xfffd7000, size 0xf84 fully unreadable
[1114/120746:ERROR:process_info.cc(608)] range at 0xfffaf000, size 0xf84 fully unreadable
[1114/120746:ERROR:process_info.cc(608)] range at 0xfffac000, size 0xf84 fully unreadable
[1114/120746:ERROR:process_info.cc(608)] range at 0xfffa9000, size 0xf84 fully unreadable
[1114/120746:ERROR:process_info.cc(608)] range at 0xfffa6000, size 0xf84 fully unreadable
[1114/120746:ERROR:process_info.cc(608)] range at 0xfffa3000, size 0xf84 fully unreadable
[1114/120746:ERROR:process_info.cc(608)] range at 0xfffa0000, size 0xf84 fully unreadable
[1114/120746:ERROR:process_info.cc(608)] range at 0xfff9d000, size 0xf84 fully unreadable
[1114/120746:ERROR:process_info.cc(608)] range at 0xfff9a000, size 0xf84 fully unreadable
[1114/120746:ERROR:process_info.cc(608)] range at 0xfff97000, size 0xf84 fully unreadable
[1114/120746:ERROR:process_info.cc(608)] range at 0xfff94000, size 0xf84 fully unreadable
[1114/120749:ERROR:process_info.cc(608)] range at 0xfffde000, size 0x230 fully unreadable
[1114/120751:ERROR:process_info.cc(608)] range at 0xfffdd000, size 0xf84 fully unreadable
[1114/120751:ERROR:process_info.cc(608)] range at 0xfffda000, size 0xf84 fully unreadable
[1114/120751:ERROR:process_info.cc(608)] range at 0xfffd7000, size 0xf84 fully unreadable
[1114/120751:ERROR:process_info.cc(608)] range at 0xfffaf000, size 0xf84 fully unreadable
[1114/120751:ERROR:process_info.cc(608)] range at 0xfffac000, size 0xf84 fully unreadable
[1114/120751:ERROR:process_info.cc(608)] range at 0xfffa9000, size 0xf84 fully unreadable
[1114/120751:ERROR:process_info.cc(608)] range at 0xfffa6000, size 0xf84 fully unreadable
[1114/120751:ERROR:process_info.cc(608)] range at 0xfffa3000, size 0xf84 fully unreadable
[1114/120751:ERROR:process_info.cc(608)] range at 0xfffa0000, size 0xf84 fully unreadable
[1114/120751:ERROR:process_info.cc(608)] range at 0xfff9d000, size 0xf84 fully unreadable
[1114/120751:ERROR:process_info.cc(608)] range at 0xfff9a000, size 0xf84 fully unreadable
[1114/120751:ERROR:process_info.cc(608)] range at 0xfff97000, size 0xf84 fully unreadable
[1114/120751:ERROR:process_info.cc(608)] range at 0xfff94000, size 0xf84 fully unreadable
[1117/123921:ERROR:process_info.cc(608)] range at 0xfffde000, size 0x230 fully unreadable
[1117/123930:ERROR:process_info.cc(608)] range at 0xfffdd000, size 0xf84 fully unreadable
[1117/123930:ERROR:process_info.cc(608)] range at 0xfffda000, size 0xf84 fully unreadable
[1117/123930:ERROR:process_info.cc(608)] range at 0xfffd7000, size 0xf84 fully unreadable
[1117/123930:ERROR:process_info.cc(608)] range at 0xfffaf000, size 0xf84 fully unreadable
[1117/123930:ERROR:process_info.cc(608)] range at 0xfffac000, size 0xf84 fully unreadable
[1117/123930:ERROR:process_info.cc(608)] range at 0xfffa9000, size 0xf84 fully unreadable
[1117/123930:ERROR:process_info.cc(608)] range at 0xfffa6000, size 0xf84 fully unreadable
[1117/123930:ERROR:process_info.cc(608)] range at 0xfffa3000, size 0xf84 fully unreadable
[1117/123930:ERROR:process_info.cc(608)] range at 0xfffa0000, size 0xf84 fully unreadable
[1117/123930:ERROR:process_info.cc(608)] range at 0xfff9d000, size 0xf84 fully unreadable
[1117/123930:ERROR:process_info.cc(608)] range at 0xfff9a000, size 0xf84 fully unreadable
[1117/123930:ERROR:process_info.cc(608)] range at 0xfff97000, size 0xf84 fully unreadable
[1117/123930:ERROR:process_info.cc(608)] range at 0xfff94000, size 0xf84 fully unreadable
[1213/191539:ERROR:process_info.cc(608)] range at 0xfffde000, size 0x230 fully unreadable
[1213/191539:ERROR:process_info.cc(608)] range at 0xfffdd000, size 0xf84 fully unreadable
[1213/191539:ERROR:process_info.cc(608)] range at 0xfffda000, size 0xf84 fully unreadable
[1213/191539:ERROR:process_info.cc(608)] range at 0xfffd7000, size 0xf84 fully unreadable
[1213/191539:ERROR:process_info.cc(608)] range at 0xfffaf000, size 0xf84 fully unreadable
[1213/191539:ERROR:process_info.cc(608)] range at 0xfffac000, size 0xf84 fully unreadable
[1213/191539:ERROR:process_info.cc(608)] range at 0xfffa9000, size 0xf84 fully unreadable
[1213/191539:ERROR:process_info.cc(608)] range at 0xfffa6000, size 0xf84 fully unreadable
[1213/191539:ERROR:process_info.cc(608)] range at 0xfffa3000, size 0xf84 fully unreadable
[1213/191539:ERROR:process_info.cc(608)] range at 0xfffa0000, size 0xf84 fully unreadable
[1213/191539:ERROR:process_info.cc(608)] range at 0xfff9d000, size 0xf84 fully unreadable
[1228/233901:ERROR:process_info.cc(608)] range at 0xfffde000, size 0x230 fully unreadable
[1228/233913:ERROR:process_info.cc(608)] range at 0xfffdd000, size 0xf84 fully unreadable
[1228/233913:ERROR:process_info.cc(608)] range at 0xfffda000, size 0xf84 fully unreadable
[1228/233913:ERROR:process_info.cc(608)] range at 0xfffd7000, size 0xf84 fully unreadable
[1228/233913:ERROR:process_info.cc(608)] range at 0xfffaf000, size 0xf84 fully unreadable
[1228/233913:ERROR:process_info.cc(608)] range at 0xfffac000, size 0xf84 fully unreadable
[1228/233913:ERROR:process_info.cc(608)] range at 0xfffa9000, size 0xf84 fully unreadable
[1228/233913:ERROR:process_info.cc(608)] range at 0xfffa6000, size 0xf84 fully unreadable
[1228/233913:ERROR:process_info.cc(608)] range at 0xfffa3000, size 0xf84 fully unreadable
[1228/233913:ERROR:process_info.cc(608)] range at 0xfffa0000, size 0xf84 fully unreadable
[1228/233913:ERROR:process_info.cc(608)] range at 0xfff9d000, size 0xf84 fully unreadable
[1228/233913:ERROR:process_info.cc(608)] range at 0xfff9a000, size 0xf84 fully unreadable
[1228/233913:ERROR:process_info.cc(608)] range at 0xfff97000, size 0xf84 fully unreadable
[1228/233913:ERROR:process_info.cc(608)] range at 0xfff94000, size 0xf84 fully unreadable
[0213/120434.891:ERROR:process_reader_win.cc(142)] SuspendThread: Access is denied. (0x5)
[0213/120434.891:ERROR:exception_snapshot_win.cc(87)] thread ID 3356 not found in process
[0213/120434.891:WARNING:crash_report_exception_handler.cc(60)] ProcessSnapshotWin::Initialize failed
[0213/120434.891:ERROR:scoped_process_suspend.cc(38)] NtResumeProcess: An attempt was made to access an exiting process.  (0xc000010a)
[0213/121440.806:ERROR:process_reader_win.cc(142)] SuspendThread: Access is denied. (0x5)
[0213/121440.806:ERROR:exception_snapshot_win.cc(87)] thread ID 3384 not found in process
[0213/121440.806:WARNING:crash_report_exception_handler.cc(60)] ProcessSnapshotWin::Initialize failed
[0213/125209.593:ERROR:process_reader_win.cc(142)] SuspendThread: Access is denied. (0x5)
[0213/125209.593:ERROR:exception_snapshot_win.cc(87)] thread ID 1944 not found in process
[0213/125209.593:WARNING:crash_report_exception_handler.cc(60)] ProcessSnapshotWin::Initialize failed
[0213/125209.593:ERROR:scoped_process_suspend.cc(38)] NtResumeProcess: An attempt was made to access an exiting process.  (0xc000010a)
[0213/140456.750:ERROR:process_reader_win.cc(142)] SuspendThread: Access is denied. (0x5)
[0213/140456.750:ERROR:exception_snapshot_win.cc(87)] thread ID 4008 not found in process
[0213/140456.750:WARNING:crash_report_exception_handler.cc(60)] ProcessSnapshotWin::Initialize failed
[0213/140456.750:ERROR:scoped_process_suspend.cc(38)] NtResumeProcess: An attempt was made to access an exiting process.  (0xc000010a)
[0213/140737.208:ERROR:process_info.cc(330)] VirtualQueryEx: Access is denied. (0x5)
[0213/140737.208:ERROR:process_info.cc(547)] ReadMemoryInfo failed
[0213/140737.208:ERROR:process_reader_win.cc(99)] process 3336 not found
[0213/140737.208:ERROR:exception_snapshot_win.cc(87)] thread ID 0 not found in process
[0213/140737.208:WARNING:crash_report_exception_handler.cc(60)] ProcessSnapshotWin::Initialize failed
[0213/140737.208:ERROR:scoped_process_suspend.cc(38)] NtResumeProcess: An attempt was made to access an exiting process.  (0xc000010a)
[0214/072145.481:ERROR:process_reader_win.cc(142)] SuspendThread: Access is denied. (0x5)
[0214/072145.481:ERROR:exception_snapshot_win.cc(87)] thread ID 3324 not found in process
[0214/072145.481:WARNING:crash_report_exception_handler.cc(60)] ProcessSnapshotWin::Initialize failed
[0215/131514.893:ERROR:process_reader_win.cc(142)] SuspendThread: Access is denied. (0x5)
[0215/131514.895:ERROR:process_reader_win.cc(114)] NtOpenThread: An invalid Client ID was specified.  (0xc000000b)
[0215/131514.895:ERROR:process_reader_win.cc(114)] NtOpenThread: An invalid Client ID was specified.  (0xc000000b)
[0215/131514.895:ERROR:exception_snapshot_win.cc(87)] thread ID 10024 not found in process
[0215/131514.895:WARNING:crash_report_exception_handler.cc(60)] ProcessSnapshotWin::Initialize failed
[0215/131514.895:ERROR:scoped_process_suspend.cc(38)] NtResumeProcess: An attempt was made to access an exiting process.  (0xc000010a)
[0308/080758.417:ERROR:process_reader_win.cc(142)] SuspendThread: Access is denied. (0x5)
[0308/080758.417:ERROR:exception_snapshot_win.cc(87)] thread ID 9708 not found in process
[0308/080758.417:WARNING:crash_report_exception_handler.cc(60)] ProcessSnapshotWin::Initialize failed
[0308/080758.417:ERROR:scoped_process_suspend.cc(38)] NtResumeProcess: An attempt was made to access an exiting process.  (0xc000010a)
[0308/125622.943:ERROR:process_reader_win.cc(142)] SuspendThread: Access is denied. (0x5)
[0308/125622.943:ERROR:exception_snapshot_win.cc(87)] thread ID 4264 not found in process
[0308/125622.943:WARNING:crash_report_exception_handler.cc(60)] ProcessSnapshotWin::Initialize failed
[0308/125622.943:ERROR:scoped_process_suspend.cc(38)] NtResumeProcess: An attempt was made to access an exiting process.  (0xc000010a)
[0310/102640.663:ERROR:process_reader_win.cc(142)] SuspendThread: Access is denied. (0x5)
[0310/102640.663:ERROR:exception_snapshot_win.cc(87)] thread ID 8200 not found in process
[0310/102640.663:WARNING:crash_report_exception_handler.cc(60)] ProcessSnapshotWin::Initialize failed
[0310/102640.663:ERROR:scoped_process_suspend.cc(38)] NtResumeProcess: An attempt was made to access an exiting process.  (0xc000010a)
[0310/103245.236:ERROR:process_reader_win.cc(173)] ResumeThread: The parameter is incorrect. (0x57)
[0310/103245.237:ERROR:process_reader_win.cc(142)] SuspendThread: Access is denied. (0x5)
[0310/103245.237:ERROR:process_reader_win.cc(142)] SuspendThread: Access is denied. (0x5)
[0310/103245.237:ERROR:process_reader_win.cc(142)] SuspendThread: Access is denied. (0x5)
[0310/103245.237:ERROR:process_reader_win.cc(142)] SuspendThread: Access is denied. (0x5)
[0310/103245.237:ERROR:process_reader_win.cc(142)] SuspendThread: Access is denied. (0x5)
[0310/103245.237:ERROR:process_reader_win.cc(142)] SuspendThread: Access is denied. (0x5)
[0310/103245.237:ERROR:process_reader_win.cc(142)] SuspendThread: Access is denied. (0x5)
[0310/103245.237:ERROR:process_reader_win.cc(142)] SuspendThread: Access is denied. (0x5)
[0310/103245.237:ERROR:process_reader_win.cc(142)] SuspendThread: Access is denied. (0x5)
[0310/103245.237:ERROR:process_reader_win.cc(142)] SuspendThread: Access is denied. (0x5)
[0310/103245.237:ERROR:exception_snapshot_win.cc(87)] thread ID 4648 not found in process
[0310/103245.237:WARNING:crash_report_exception_handler.cc(60)] ProcessSnapshotWin::Initialize failed
[0310/111348.753:ERROR:process_reader_win.cc(142)] SuspendThread: Access is denied. (0x5)
[0310/111348.753:ERROR:process_reader_win.cc(142)] SuspendThread: Access is denied. (0x5)
[0310/111348.753:ERROR:process_reader_win.cc(142)] SuspendThread: Access is denied. (0x5)
[0310/111348.753:ERROR:process_reader_win.cc(142)] SuspendThread: Access is denied. (0x5)
[0310/111348.753:ERROR:process_reader_win.cc(142)] SuspendThread: Access is denied. (0x5)
[0310/111348.753:ERROR:process_reader_win.cc(142)] SuspendThread: Access is denied. (0x5)
[0310/111348.753:ERROR:process_reader_win.cc(142)] SuspendThread: Access is denied. (0x5)
[0310/111348.753:ERROR:process_reader_win.cc(142)] SuspendThread: Access is denied. (0x5)
[0310/111348.753:ERROR:exception_snapshot_win.cc(87)] thread ID 9272 not found in process
[0310/111348.753:WARNING:crash_report_exception_handler.cc(60)] ProcessSnapshotWin::Initialize failed
[0310/113255.923:ERROR:process_info.cc(103)] ReadProcessMemory bool __cdecl crashpad::`anonymous-namespace'::ReadStruct<struct crashpad::process_types::LDR_DATA_TABLE_ENTRY<struct crashpad::process_types::internal::Traits64>>(void *,unsigned __int64,struct crashpad::process_types::LDR_DATA_TABLE_ENTRY<struct crashpad::process_types::internal::Traits64> *): Only part of a ReadProcessMemory or WriteProcessMemory request was completed. (0x12B)
[0310/113255.923:ERROR:process_info.cc(330)] VirtualQueryEx: Access is denied. (0x5)
[0310/113255.923:ERROR:process_info.cc(547)] ReadMemoryInfo failed
[0310/113255.923:ERROR:process_reader_win.cc(142)] SuspendThread: Access is denied. (0x5)
[0310/113255.923:ERROR:exception_snapshot_win.cc(87)] thread ID 0 not found in process
[0310/113255.923:WARNING:crash_report_exception_handler.cc(60)] ProcessSnapshotWin::Initialize failed
[0310/113255.923:ERROR:scoped_process_suspend.cc(38)] NtResumeProcess: An attempt was made to access an exiting process.  (0xc000010a)
[0310/143105.834:ERROR:process_reader_win.cc(142)] SuspendThread: Access is denied. (0x5)
[0310/143105.834:ERROR:exception_snapshot_win.cc(87)] thread ID 6020 not found in process
[0310/143105.834:WARNING:crash_report_exception_handler.cc(60)] ProcessSnapshotWin::Initialize failed
[0310/143105.834:ERROR:scoped_process_suspend.cc(38)] NtResumeProcess: An attempt was made to access an exiting process.  (0xc000010a)
[0310/145843.413:ERROR:process_reader_win.cc(142)] SuspendThread: Access is denied. (0x5)
[0310/145843.413:ERROR:exception_snapshot_win.cc(87)] thread ID 11124 not found in process
[0310/145843.413:WARNING:crash_report_exception_handler.cc(60)] ProcessSnapshotWin::Initialize failed
[0310/145843.413:ERROR:scoped_process_suspend.cc(38)] NtResumeProcess: An attempt was made to access an exiting process.  (0xc000010a)
[0310/150007.653:ERROR:process_reader_win.cc(142)] SuspendThread: Access is denied. (0x5)
[0310/150007.653:ERROR:process_reader_win.cc(142)] SuspendThread: Access is denied. (0x5)
[0310/150007.653:ERROR:process_reader_win.cc(142)] SuspendThread: Access is denied. (0x5)
[0310/150007.653:ERROR:exception_snapshot_win.cc(87)] thread ID 1128 not found in process
[0310/150007.653:WARNING:crash_report_exception_handler.cc(60)] ProcessSnapshotWin::Initialize failed
[0311/183231.621:ERROR:process_reader_win.cc(142)] SuspendThread: Access is denied. (0x5)
[0311/183231.621:ERROR:exception_snapshot_win.cc(87)] thread ID 7932 not found in process
[0311/183231.621:WARNING:crash_report_exception_handler.cc(60)] ProcessSnapshotWin::Initialize failed
[0311/183231.621:ERROR:scoped_process_suspend.cc(38)] NtResumeProcess: An attempt was made to access an exiting process.  (0xc000010a)
[0311/221123.702:ERROR:process_reader_win.cc(142)] SuspendThread: Access is denied. (0x5)
[0311/221123.702:ERROR:process_reader_win.cc(142)] SuspendThread: Access is denied. (0x5)
[0311/221123.702:ERROR:process_reader_win.cc(142)] SuspendThread: Access is denied. (0x5)
[0311/221123.702:ERROR:process_reader_win.cc(142)] SuspendThread: Access is denied. (0x5)
[0311/221123.702:ERROR:process_reader_win.cc(142)] SuspendThread: Access is denied. (0x5)
[0311/221123.702:ERROR:process_reader_win.cc(142)] SuspendThread: Access is denied. (0x5)
[0311/221123.702:ERROR:process_reader_win.cc(142)] SuspendThread: Access is denied. (0x5)
[0311/221123.702:ERROR:process_reader_win.cc(142)] SuspendThread: Access is denied. (0x5)
[0311/221123.702:ERROR:exception_snapshot_win.cc(87)] thread ID 5868 not found in process
[0311/221123.702:WARNING:crash_report_exception_handler.cc(60)] ProcessSnapshotWin::Initialize failed
[0311/233258.358:ERROR:process_reader_win.cc(142)] SuspendThread: Access is denied. (0x5)
[0311/233258.358:ERROR:exception_snapshot_win.cc(87)] thread ID 8428 not found in process
[0311/233258.358:WARNING:crash_report_exception_handler.cc(60)] ProcessSnapshotWin::Initialize failed
[0311/233258.358:ERROR:scoped_process_suspend.cc(38)] NtResumeProcess: An attempt was made to access an exiting process.  (0xc000010a)
[0312/002257.949:ERROR:process_reader_win.cc(142)] SuspendThread: Access is denied. (0x5)
[0312/002257.949:ERROR:exception_snapshot_win.cc(87)] thread ID 11008 not found in process
[0312/002257.949:WARNING:crash_report_exception_handler.cc(60)] ProcessSnapshotWin::Initialize failed
[0312/203545.357:ERROR:process_reader_win.cc(142)] SuspendThread: Access is denied. (0x5)
[0312/203545.359:ERROR:process_reader_win.cc(142)] SuspendThread: Access is denied. (0x5)
[0312/203545.359:ERROR:process_reader_win.cc(142)] SuspendThread: Access is denied. (0x5)
[0312/203545.359:ERROR:exception_snapshot_win.cc(87)] thread ID 6608 not found in process
[0312/203545.359:WARNING:crash_report_exception_handler.cc(60)] ProcessSnapshotWin::Initialize failed
[0326/215450.543:ERROR:process_info.cc(343)] VirtualQueryEx: Access is denied. (0x5)
[0326/215450.543:ERROR:process_info.cc(564)] ReadMemoryInfo failed
[0326/215450.544:ERROR:process_reader_win.cc(142)] SuspendThread: Access is denied. (0x5)
[0326/215450.544:ERROR:exception_snapshot_win.cc(87)] thread ID 0 not found in process
[0326/215450.544:WARNING:crash_report_exception_handler.cc(60)] ProcessSnapshotWin::Initialize failed
[0326/215450.544:ERROR:scoped_process_suspend.cc(38)] NtResumeProcess: An attempt was made to access an exiting process.  (0xc000010a)
[0326/222418.590:ERROR:process_reader_win.cc(142)] SuspendThread: Access is denied. (0x5)
[0326/222418.590:ERROR:process_reader_win.cc(142)] SuspendThread: Access is denied. (0x5)
[0326/222418.590:ERROR:process_reader_win.cc(142)] SuspendThread: Access is denied. (0x5)
[0326/222418.590:ERROR:process_reader_win.cc(142)] SuspendThread: Access is denied. (0x5)
[0326/222418.590:ERROR:exception_snapshot_win.cc(87)] thread ID 4436 not found in process
[0326/222418.590:WARNING:crash_report_exception_handler.cc(60)] ProcessSnapshotWin::Initialize failed
[0331/123144.254:ERROR:process_reader_win.cc(142)] SuspendThread: Access is denied. (0x5)
[0331/123144.254:ERROR:process_reader_win.cc(142)] SuspendThread: Access is denied. (0x5)
[0331/123144.254:ERROR:process_reader_win.cc(142)] SuspendThread: Access is denied. (0x5)
[0331/123144.254:ERROR:process_reader_win.cc(142)] SuspendThread: Access is denied. (0x5)
[0331/123144.254:ERROR:process_reader_win.cc(142)] SuspendThread: Access is denied. (0x5)
[0331/123144.254:ERROR:process_reader_win.cc(142)] SuspendThread: Access is denied. (0x5)
[0331/123144.254:ERROR:process_reader_win.cc(142)] SuspendThread: Access is denied. (0x5)
[0331/123144.254:ERROR:exception_snapshot_win.cc(87)] thread ID 3712 not found in process
[0331/123144.254:WARNING:crash_report_exception_handler.cc(60)] ProcessSnapshotWin::Initialize failed
[0331/123207.085:ERROR:process_info.cc(330)] VirtualQueryEx: Access is denied. (0x5)
[0331/123207.085:ERROR:process_info.cc(547)] ReadMemoryInfo failed
[0331/123207.085:ERROR:process_reader_win.cc(233)] ReadMemory at 0x7ffc4b6a1160 of 12 bytes failed: Only part of a ReadProcessMemory or WriteProcessMemory request was completed. (0x12B)
[0331/123207.085:WARNING:process_snapshot_win.cc(68)] ReadMemory ExceptionInformation failed
[0331/123207.085:WARNING:crash_report_exception_handler.cc(60)] ProcessSnapshotWin::Initialize failed
[0331/123207.085:ERROR:scoped_process_suspend.cc(38)] NtResumeProcess: An attempt was made to access an exiting process.  (0xc000010a)
[0331/123223.753:ERROR:process_info.cc(330)] VirtualQueryEx: Access is denied. (0x5)
[0331/123223.753:ERROR:process_info.cc(547)] ReadMemoryInfo failed
[0331/123223.777:ERROR:process_reader_win.cc(142)] SuspendThread: Access is denied. (0x5)
[0331/123223.777:ERROR:exception_snapshot_win.cc(87)] thread ID 0 not found in process
[0331/123223.777:WARNING:crash_report_exception_handler.cc(60)] ProcessSnapshotWin::Initialize failed
[0331/123223.777:ERROR:scoped_process_suspend.cc(38)] NtResumeProcess: An attempt was made to access an exiting process.  (0xc000010a)
[0331/124202.556:ERROR:process_info.cc(330)] VirtualQueryEx: Access is denied. (0x5)
[0331/124202.556:ERROR:process_info.cc(547)] ReadMemoryInfo failed
[0331/124202.580:ERROR:process_reader_win.cc(142)] SuspendThread: Access is denied. (0x5)
[0331/124202.580:ERROR:exception_snapshot_win.cc(87)] thread ID 0 not found in process
[0331/124202.580:WARNING:crash_report_exception_handler.cc(60)] ProcessSnapshotWin::Initialize failed
[0331/124202.580:ERROR:scoped_process_suspend.cc(38)] NtResumeProcess: An attempt was made to access an exiting process.  (0xc000010a)
[0331/124809.886:ERROR:process_reader_win.cc(142)] SuspendThread: Access is denied. (0x5)
[0331/124809.886:ERROR:process_reader_win.cc(142)] SuspendThread: Access is denied. (0x5)
[0331/124809.886:ERROR:process_reader_win.cc(142)] SuspendThread: Access is denied. (0x5)
[0331/124809.886:ERROR:process_reader_win.cc(142)] SuspendThread: Access is denied. (0x5)
[0331/124809.886:ERROR:exception_snapshot_win.cc(87)] thread ID 10076 not found in process
[0331/124809.886:WARNING:crash_report_exception_handler.cc(60)] ProcessSnapshotWin::Initialize failed
[0331/124915.793:ERROR:process_info.cc(330)] VirtualQueryEx: Access is denied. (0x5)
[0331/124915.793:ERROR:process_info.cc(547)] ReadMemoryInfo failed
[0331/124915.793:ERROR:process_reader_win.cc(233)] ReadMemory at 0x7ffc4b6a1160 of 12 bytes failed: Only part of a ReadProcessMemory or WriteProcessMemory request was completed. (0x12B)
[0331/124915.793:WARNING:process_snapshot_win.cc(68)] ReadMemory ExceptionInformation failed
[0331/124915.793:WARNING:crash_report_exception_handler.cc(60)] ProcessSnapshotWin::Initialize failed
[0331/124915.793:ERROR:scoped_process_suspend.cc(38)] NtResumeProcess: An attempt was made to access an exiting process.  (0xc000010a)
[0331/125800.160:ERROR:process_info.cc(330)] VirtualQueryEx: Access is denied. (0x5)
[0331/125800.160:ERROR:process_info.cc(547)] ReadMemoryInfo failed
[0331/125800.160:ERROR:process_reader_win.cc(233)] ReadMemory at 0x7ffc4b6a1160 of 12 bytes failed: Only part of a ReadProcessMemory or WriteProcessMemory request was completed. (0x12B)
[0331/125800.160:WARNING:process_snapshot_win.cc(68)] ReadMemory ExceptionInformation failed
[0331/125800.160:WARNING:crash_report_exception_handler.cc(60)] ProcessSnapshotWin::Initialize failed
[0331/125800.160:ERROR:scoped_process_suspend.cc(38)] NtResumeProcess: An attempt was made to access an exiting process.  (0xc000010a)
[0331/125856.592:ERROR:scoped_process_suspend.cc(30)] NtSuspendProcess: An attempt was made to access an exiting process.  (0xc000010a)
[0331/125856.592:ERROR:process_info.cc(103)] ReadProcessMemory bool __cdecl crashpad::`anonymous-namespace'::ReadStruct<struct crashpad::process_types::RTL_USER_PROCESS_PARAMETERS<struct crashpad::process_types::internal::Traits64>>(void *,unsigned __int64,struct crashpad::process_types::RTL_USER_PROCESS_PARAMETERS<struct crashpad::process_types::internal::Traits64> *): Only part of a ReadProcessMemory or WriteProcessMemory request was completed. (0x12B)
[0331/125856.592:ERROR:process_info.cc(542)] ReadProcessData failed
[0331/125856.592:ERROR:process_reader_win.cc(142)] SuspendThread: Access is denied. (0x5)
[0331/125856.592:ERROR:exception_snapshot_win.cc(87)] thread ID 0 not found in process
[0331/125856.592:WARNING:crash_report_exception_handler.cc(60)] ProcessSnapshotWin::Initialize failed
[0331/131452.639:ERROR:process_info.cc(330)] VirtualQueryEx: Access is denied. (0x5)
[0331/131452.639:ERROR:process_info.cc(547)] ReadMemoryInfo failed
[0331/131452.660:ERROR:process_reader_win.cc(142)] SuspendThread: Access is denied. (0x5)
[0331/131452.660:ERROR:exception_snapshot_win.cc(87)] thread ID 0 not found in process
[0331/131452.660:WARNING:crash_report_exception_handler.cc(60)] ProcessSnapshotWin::Initialize failed
[0331/131452.660:ERROR:scoped_process_suspend.cc(38)] NtResumeProcess: An attempt was made to access an exiting process.  (0xc000010a)
[0331/131759.934:ERROR:process_reader_win.cc(142)] SuspendThread: Access is denied. (0x5)
[0331/131759.934:ERROR:process_reader_win.cc(142)] SuspendThread: Access is denied. (0x5)
[0331/131759.934:ERROR:exception_snapshot_win.cc(87)] thread ID 6824 not found in process
[0331/131759.934:WARNING:crash_report_exception_handler.cc(60)] ProcessSnapshotWin::Initialize failed
[0331/131822.373:ERROR:process_reader_win.cc(142)] SuspendThread: Access is denied. (0x5)
[0331/131822.373:ERROR:exception_snapshot_win.cc(87)] thread ID 6368 not found in process
[0331/131822.374:WARNING:crash_report_exception_handler.cc(60)] ProcessSnapshotWin::Initialize failed
[0331/132940.699:ERROR:process_info.cc(330)] VirtualQueryEx: Access is denied. (0x5)
[0331/132940.699:ERROR:process_info.cc(547)] ReadMemoryInfo failed
[0331/132940.699:ERROR:process_reader_win.cc(142)] SuspendThread: Access is denied. (0x5)
[0331/132940.699:ERROR:exception_snapshot_win.cc(87)] thread ID 0 not found in process
[0331/132940.699:WARNING:crash_report_exception_handler.cc(60)] ProcessSnapshotWin::Initialize failed
[0331/132940.699:ERROR:scoped_process_suspend.cc(38)] NtResumeProcess: An attempt was made to access an exiting process.  (0xc000010a)
[0331/135215.350:ERROR:process_reader_win.cc(142)] SuspendThread: Access is denied. (0x5)
[0331/135215.350:ERROR:exception_snapshot_win.cc(87)] thread ID 2696 not found in process
[0331/135215.350:WARNING:crash_report_exception_handler.cc(60)] ProcessSnapshotWin::Initialize failed
[0331/135215.350:ERROR:scoped_process_suspend.cc(38)] NtResumeProcess: An attempt was made to access an exiting process.  (0xc000010a)
[0331/135329.053:ERROR:process_reader_win.cc(142)] SuspendThread: Access is denied. (0x5)
[0331/135329.053:ERROR:exception_snapshot_win.cc(87)] thread ID 4008 not found in process
[0331/135329.054:WARNING:crash_report_exception_handler.cc(60)] ProcessSnapshotWin::Initialize failed
[0403/090414.679:ERROR:process_info.cc(330)] VirtualQueryEx: Access is denied. (0x5)
[0403/090414.679:ERROR:process_info.cc(547)] ReadMemoryInfo failed
[0403/090414.679:ERROR:process_reader_win.cc(142)] SuspendThread: Access is denied. (0x5)
[0403/090414.679:ERROR:exception_snapshot_win.cc(87)] thread ID 0 not found in process
[0403/090414.679:WARNING:crash_report_exception_handler.cc(60)] ProcessSnapshotWin::Initialize failed
[0403/090414.679:ERROR:scoped_process_suspend.cc(38)] NtResumeProcess: An attempt was made to access an exiting process.  (0xc000010a)
[0403/090714.779:ERROR:process_info.cc(330)] VirtualQueryEx: Access is denied. (0x5)
[0403/090714.779:ERROR:process_info.cc(547)] ReadMemoryInfo failed
[0403/090714.779:ERROR:process_reader_win.cc(142)] SuspendThread: Access is denied. (0x5)
[0403/090714.779:ERROR:exception_snapshot_win.cc(87)] thread ID 0 not found in process
[0403/090714.779:WARNING:crash_report_exception_handler.cc(60)] ProcessSnapshotWin::Initialize failed
[0403/090714.779:ERROR:scoped_process_suspend.cc(38)] NtResumeProcess: An attempt was made to access an exiting process.  (0xc000010a)
[0403/091727.933:ERROR:process_reader_win.cc(142)] SuspendThread: Access is denied. (0x5)
[0403/091727.950:ERROR:process_reader_win.cc(142)] SuspendThread: Access is denied. (0x5)
[0403/091727.950:ERROR:process_reader_win.cc(142)] SuspendThread: Access is denied. (0x5)
[0403/091727.950:ERROR:process_reader_win.cc(142)] SuspendThread: Access is denied. (0x5)
[0403/091727.950:ERROR:process_reader_win.cc(142)] SuspendThread: Access is denied. (0x5)
[0403/091727.950:ERROR:exception_snapshot_win.cc(87)] thread ID 6180 not found in process
[0403/091727.950:WARNING:crash_report_exception_handler.cc(60)] ProcessSnapshotWin::Initialize failed
[0403/092932.236:ERROR:process_reader_win.cc(142)] SuspendThread: Access is denied. (0x5)
[0403/092932.236:ERROR:process_reader_win.cc(142)] SuspendThread: Access is denied. (0x5)
[0403/092932.236:ERROR:process_reader_win.cc(142)] SuspendThread: Access is denied. (0x5)
[0403/092932.236:ERROR:process_reader_win.cc(142)] SuspendThread: Access is denied. (0x5)
[0403/092932.236:ERROR:process_reader_win.cc(142)] SuspendThread: Access is denied. (0x5)
[0403/092932.236:ERROR:process_reader_win.cc(142)] SuspendThread: Access is denied. (0x5)
[0403/092932.236:ERROR:process_reader_win.cc(142)] SuspendThread: Access is denied. (0x5)
[0403/092932.236:ERROR:exception_snapshot_win.cc(87)] thread ID 1892 not found in process
[0403/092932.236:WARNING:crash_report_exception_handler.cc(60)] ProcessSnapshotWin::Initialize failed
[0403/093934.330:ERROR:process_reader_win.cc(142)] SuspendThread: Access is denied. (0x5)
[0403/093934.330:ERROR:exception_snapshot_win.cc(87)] thread ID 6720 not found in process
[0403/093934.330:WARNING:crash_report_exception_handler.cc(60)] ProcessSnapshotWin::Initialize failed
[0403/093934.330:ERROR:scoped_process_suspend.cc(38)] NtResumeProcess: An attempt was made to access an exiting process.  (0xc000010a)
[0403/094008.816:ERROR:process_reader_win.cc(142)] SuspendThread: Access is denied. (0x5)
[0403/094008.816:ERROR:exception_snapshot_win.cc(87)] thread ID 8724 not found in process
[0403/094008.816:WARNING:crash_report_exception_handler.cc(60)] ProcessSnapshotWin::Initialize failed
[0403/094008.816:ERROR:scoped_process_suspend.cc(38)] NtResumeProcess: An attempt was made to access an exiting process.  (0xc000010a)
[0403/100853.701:ERROR:process_reader_win.cc(142)] SuspendThread: Access is denied. (0x5)
[0403/100853.701:ERROR:process_reader_win.cc(142)] SuspendThread: Access is denied. (0x5)
[0403/100853.701:ERROR:process_reader_win.cc(142)] SuspendThread: Access is denied. (0x5)
[0403/100853.701:ERROR:exception_snapshot_win.cc(87)] thread ID 6152 not found in process
[0403/100853.701:WARNING:crash_report_exception_handler.cc(60)] ProcessSnapshotWin::Initialize failed
[0403/100954.465:ERROR:process_info.cc(330)] VirtualQueryEx: Access is denied. (0x5)
[0403/100954.465:ERROR:process_info.cc(547)] ReadMemoryInfo failed
[0403/100954.465:ERROR:process_reader_win.cc(142)] SuspendThread: Access is denied. (0x5)
[0403/100954.465:ERROR:exception_snapshot_win.cc(87)] thread ID 0 not found in process
[0403/100954.465:WARNING:crash_report_exception_handler.cc(60)] ProcessSnapshotWin::Initialize failed
[0403/100954.465:ERROR:scoped_process_suspend.cc(38)] NtResumeProcess: An attempt was made to access an exiting process.  (0xc000010a)
[0403/122055.681:ERROR:process_reader_win.cc(142)] SuspendThread: Access is denied. (0x5)
[0403/122055.681:ERROR:exception_snapshot_win.cc(87)] thread ID 7496 not found in process
[0403/122055.681:WARNING:crash_report_exception_handler.cc(60)] ProcessSnapshotWin::Initialize failed
[0403/122055.681:ERROR:scoped_process_suspend.cc(38)] NtResumeProcess: An attempt was made to access an exiting process.  (0xc000010a)
[0411/092243.113:ERROR:process_info.cc(343)] VirtualQueryEx: Access is denied. (0x5)
[0411/092243.113:ERROR:process_info.cc(564)] ReadMemoryInfo failed
[0411/092243.113:ERROR:process_reader_win.cc(142)] SuspendThread: Access is denied. (0x5)
[0411/092243.113:ERROR:exception_snapshot_win.cc(87)] thread ID 0 not found in process
[0411/092243.113:WARNING:crash_report_exception_handler.cc(60)] ProcessSnapshotWin::Initialize failed
[0411/092243.113:ERROR:scoped_process_suspend.cc(38)] NtResumeProcess: An attempt was made to access an exiting process.  (0xc000010a)
[0411/092510.500:ERROR:process_reader_win.cc(142)] SuspendThread: Access is denied. (0x5)
[0411/092510.500:ERROR:process_reader_win.cc(142)] SuspendThread: Access is denied. (0x5)
[0411/092510.500:ERROR:process_reader_win.cc(142)] SuspendThread: Access is denied. (0x5)
[0411/092510.500:ERROR:process_reader_win.cc(142)] SuspendThread: Access is denied. (0x5)
[0411/092510.500:ERROR:process_reader_win.cc(142)] SuspendThread: Access is denied. (0x5)
[0411/092510.500:ERROR:process_reader_win.cc(142)] SuspendThread: Access is denied. (0x5)
[0411/092510.500:ERROR:process_reader_win.cc(142)] SuspendThread: Access is denied. (0x5)
[0411/092510.500:ERROR:process_reader_win.cc(142)] SuspendThread: Access is denied. (0x5)
[0411/092510.500:ERROR:process_reader_win.cc(142)] SuspendThread: Access is denied. (0x5)
[0411/092510.500:ERROR:exception_snapshot_win.cc(87)] thread ID 4708 not found in process
[0411/092510.500:WARNING:crash_report_exception_handler.cc(60)] ProcessSnapshotWin::Initialize failed
[0411/120255.413:ERROR:process_reader_win.cc(142)] SuspendThread: Access is denied. (0x5)
[0411/120255.413:ERROR:process_reader_win.cc(142)] SuspendThread: Access is denied. (0x5)
[0411/120255.413:ERROR:process_reader_win.cc(142)] SuspendThread: Access is denied. (0x5)
[0411/120255.413:ERROR:exception_snapshot_win.cc(87)] thread ID 9744 not found in process
[0411/120255.413:WARNING:crash_report_exception_handler.cc(60)] ProcessSnapshotWin::Initialize failed
[0411/122811.957:ERROR:process_reader_win.cc(142)] SuspendThread: Access is denied. (0x5)
[0411/122811.957:ERROR:exception_snapshot_win.cc(87)] thread ID 4972 not found in process
[0411/122811.957:WARNING:crash_report_exception_handler.cc(60)] ProcessSnapshotWin::Initialize failed
[0411/122811.957:ERROR:scoped_process_suspend.cc(38)] NtResumeProcess: An attempt was made to access an exiting process.  (0xc000010a)
[0503/025103.945:ERROR:prune_crash_reports.cc(35)] PruneCrashReportDatabase: Failed to get pending reports
[0504/173237.360:ERROR:prune_crash_reports.cc(35)] PruneCrashReportDatabase: Failed to get pending reports
[0604/113149.837:ERROR:process_info.cc(343)] VirtualQueryEx: Access is denied. (0x5)
[0604/113149.837:ERROR:process_info.cc(564)] ReadMemoryInfo failed
[0604/113149.838:ERROR:process_reader_win.cc(142)] SuspendThread: Access is denied. (0x5)
[0604/113149.838:ERROR:exception_snapshot_win.cc(87)] thread ID 2960 not found in process
[0604/113149.838:WARNING:crash_report_exception_handler.cc(60)] ProcessSnapshotWin::Initialize failed
[0604/113149.838:ERROR:scoped_process_suspend.cc(38)] NtResumeProcess: An attempt was made to access an exiting process.  (0xc000010a)
[0606/185928.687:ERROR:process_reader_win.cc(142)] SuspendThread: Access is denied. (0x5)
[0606/185928.687:ERROR:process_reader_win.cc(142)] SuspendThread: Access is denied. (0x5)
[0606/185928.687:ERROR:process_reader_win.cc(142)] SuspendThread: Access is denied. (0x5)
[0606/185928.687:ERROR:process_reader_win.cc(142)] SuspendThread: Access is denied. (0x5)
[0606/185928.687:ERROR:exception_snapshot_win.cc(87)] thread ID 2300 not found in process
[0606/185928.687:WARNING:crash_report_exception_handler.cc(60)] ProcessSnapshotWin::Initialize failed
[0606/190213.082:ERROR:process_info.cc(343)] VirtualQueryEx: Access is denied. (0x5)
[0606/190213.082:ERROR:process_info.cc(564)] ReadMemoryInfo failed
[0606/190213.082:ERROR:process_reader_win.cc(142)] SuspendThread: Access is denied. (0x5)
[0606/190213.082:ERROR:exception_snapshot_win.cc(87)] thread ID 0 not found in process
[0606/190213.082:WARNING:crash_report_exception_handler.cc(60)] ProcessSnapshotWin::Initialize failed
[0606/190213.082:ERROR:scoped_process_suspend.cc(38)] NtResumeProcess: An attempt was made to access an exiting process.  (0xc000010a)
[0613/201555.327:ERROR:process_info.cc(343)] VirtualQueryEx: Access is denied. (0x5)
[0613/201555.327:ERROR:process_info.cc(564)] ReadMemoryInfo failed
[0613/201555.327:ERROR:process_reader_win.cc(142)] SuspendThread: Access is denied. (0x5)
[0613/201555.327:ERROR:exception_snapshot_win.cc(87)] thread ID 0 not found in process
[0613/201555.327:WARNING:crash_report_exception_handler.cc(60)] ProcessSnapshotWin::Initialize failed
[0613/201555.328:ERROR:scoped_process_suspend.cc(38)] NtResumeProcess: An attempt was made to access an exiting process.  (0xc000010a)
[0615/182858.943:ERROR:process_info.cc(343)] VirtualQueryEx: Access is denied. (0x5)
[0615/182858.943:ERROR:process_info.cc(564)] ReadMemoryInfo failed
[0615/182858.955:ERROR:process_reader_win.cc(142)] SuspendThread: Access is denied. (0x5)
[0615/182858.955:ERROR:exception_snapshot_win.cc(87)] thread ID 0 not found in process
[0615/182858.955:WARNING:crash_report_exception_handler.cc(60)] ProcessSnapshotWin::Initialize failed
[0615/182858.955:ERROR:scoped_process_suspend.cc(38)] NtResumeProcess: An attempt was made to access an exiting process.  (0xc000010a)
[0616/174857.123:ERROR:process_info.cc(343)] VirtualQueryEx: Access is denied. (0x5)
[0616/174857.123:ERROR:process_info.cc(564)] ReadMemoryInfo failed
[0616/174857.123:ERROR:process_reader_win.cc(142)] SuspendThread: Access is denied. (0x5)
[0616/174857.123:ERROR:exception_snapshot_win.cc(87)] thread ID 0 not found in process
[0616/174857.123:WARNING:crash_report_exception_handler.cc(60)] ProcessSnapshotWin::Initialize failed
[0616/174857.123:ERROR:scoped_process_suspend.cc(38)] NtResumeProcess: An attempt was made to access an exiting process.  (0xc000010a)
